<?xml version="1.0" encoding="UTF-8"?>
<!-- Generated by org.testng.reporters.JUnitXMLReporter -->
<testsuite ignored="0" hostname="LAPTOP-B89TJRJV" failures="0" tests="3" name="Submit Order Test" time="33.302" errors="0" timestamp="2025-09-11T21:11:09 IST">
  <testcase classname="yashbaliyanacademy.tests.SubmitOrderTest" name="submitOrder" time="3.751"/>
  <testcase classname="yashbaliyanacademy.tests.SubmitOrderTest" name="submitOrder" time="3.374"/>
  <testcase classname="yashbaliyanacademy.tests.SubmitOrderTest" name="OrderHistoryTest" time="5.007"/>
</testsuite> <!-- Submit Order Test -->
