<?xml version="1.0" encoding="UTF-8"?>
<!-- Generated by org.testng.reporters.JUnitXMLReporter -->
<testsuite ignored="0" hostname="LAPTOP-B89TJRJV" failures="0" tests="2" name="Error Validations Test" time="19.958" errors="0" timestamp="2025-09-12T18:54:23 IST">
  <testcase classname="yashbaliyanacademy.tests.ErrorValidationsTest" name="LoginErrorValidation" time="0.891"/>
  <testcase classname="yashbaliyanacademy.tests.ErrorValidationsTest" name="ProductErrorValidation" time="5.597"/>
</testsuite> <!-- Error Validations Test -->
