<?xml version="1.0" encoding="UTF-8"?>
<!-- Generated by org.testng.reporters.JUnitXMLReporter -->
<testsuite ignored="0" hostname="LAPTOP-B89TJRJV" failures="0" tests="3" name="Submit Order Test" time="32.04" errors="0" timestamp="2025-09-12T18:54:34 IST">
  <testcase classname="yashbaliyanacademy.tests.SubmitOrderTest" name="submitOrder" time="6.781"/>
  <testcase classname="yashbaliyanacademy.tests.SubmitOrderTest" name="submitOrder" time="5.866"/>
  <testcase classname="yashbaliyanacademy.tests.SubmitOrderTest" name="OrderHistoryTest" time="1.092"/>
</testsuite> <!-- Submit Order Test -->
